Using pre-set license
Built from '2022.3/staging' branch; Version is '2022.3.10f1 (ff3792e53c62) revision 16725906'; Using compiler version '192829333'; Build Type 'Release'
OS: 'Windows 10  (10.0.19045) 64bit Core' Language: 'en' Physical Memory: 12248 MB
BatchMode: 1, IsHumanControllingUs: 0, StartBugReporterOnCrash: 0, Is64bit: 1, IsPro: 1

COMMAND LINE ARGUMENTS:
C:\Program Files\Unity\Hub\Editor\2022.3.10f1\Editor\Unity.exe
-adb2
-batchMode
-noUpm
-name
AssetImportWorker5
-projectPath
C:/Program Files/Perforce/yassa/PAC-MAN-PLEASE/4003 Maze
-logFile
Logs/AssetImportWorker5.log
-srvPort
54726
Successfully changed project path to: C:/Program Files/Perforce/yassa/PAC-MAN-PLEASE/4003 Maze
C:/Program Files/Perforce/yassa/PAC-MAN-PLEASE/4003 Maze
[UnityMemory] Configuration Parameters - Can be set up in boot.config
    "memorysetup-bucket-allocator-granularity=16"
    "memorysetup-bucket-allocator-bucket-count=8"
    "memorysetup-bucket-allocator-block-size=33554432"
    "memorysetup-bucket-allocator-block-count=8"
    "memorysetup-main-allocator-block-size=16777216"
    "memorysetup-thread-allocator-block-size=16777216"
    "memorysetup-gfx-main-allocator-block-size=16777216"
    "memorysetup-gfx-thread-allocator-block-size=16777216"
    "memorysetup-cache-allocator-block-size=4194304"
    "memorysetup-typetree-allocator-block-size=2097152"
    "memorysetup-profiler-bucket-allocator-granularity=16"
    "memorysetup-profiler-bucket-allocator-bucket-count=8"
    "memorysetup-profiler-bucket-allocator-block-size=33554432"
    "memorysetup-profiler-bucket-allocator-block-count=8"
    "memorysetup-profiler-allocator-block-size=16777216"
    "memorysetup-profiler-editor-allocator-block-size=1048576"
    "memorysetup-temp-allocator-size-main=16777216"
    "memorysetup-job-temp-allocator-block-size=2097152"
    "memorysetup-job-temp-allocator-block-size-background=1048576"
    "memorysetup-job-temp-allocator-reduction-small-platforms=262144"
    "memorysetup-allocator-temp-initial-block-size-main=262144"
    "memorysetup-allocator-temp-initial-block-size-worker=262144"
    "memorysetup-temp-allocator-size-background-worker=32768"
    "memorysetup-temp-allocator-size-job-worker=262144"
    "memorysetup-temp-allocator-size-preload-manager=33554432"
    "memorysetup-temp-allocator-size-nav-mesh-worker=65536"
    "memorysetup-temp-allocator-size-audio-worker=65536"
    "memorysetup-temp-allocator-size-cloud-worker=32768"
    "memorysetup-temp-allocator-size-gi-baking-worker=262144"
    "memorysetup-temp-allocator-size-gfx=262144"
Player connection [19196] Host "[IP] 192.168.1.125 [Port] 0 [Flags] 2 [Guid] 1672210702 [EditorId] 1672210702 [Version] 1048832 [Id] WindowsEditor(7,DESKTOP-42MFQTK) [Debug] 1 [PackageName] WindowsEditor [ProjectName] Editor" joined multi-casting on [225.0.0.222:54997]...

Player connection [19196] Host "[IP] 192.168.1.125 [Port] 0 [Flags] 2 [Guid] 1672210702 [EditorId] 1672210702 [Version] 1048832 [Id] WindowsEditor(7,DESKTOP-42MFQTK) [Debug] 1 [PackageName] WindowsEditor [ProjectName] Editor" joined alternative multi-casting on [225.0.0.222:34997]...

[Physics::Module] Initialized MultithreadedJobDispatcher with 7 workers.
Refreshing native plugins compatible for Editor in 103.99 ms, found 3 plugins.
Preloading 0 native plugins for Editor in 0.00 ms.
Initialize engine version: 2022.3.10f1 (ff3792e53c62)
[Subsystems] Discovering subsystems at path C:/Program Files/Unity/Hub/Editor/2022.3.10f1/Editor/Data/Resources/UnitySubsystems
[Subsystems] Discovering subsystems at path C:/Program Files/Perforce/yassa/PAC-MAN-PLEASE/4003 Maze/Assets
GfxDevice: creating device client; threaded=0; jobified=0
Direct3D:
    Version:  Direct3D 11.0 [level 11.1]
    Renderer: NVIDIA GeForce GTX 950 (ID=0x1402)
    Vendor:   NVIDIA
    VRAM:     2002 MB
    Driver:   31.0.15.3623
Initialize mono
Mono path[0] = 'C:/Program Files/Unity/Hub/Editor/2022.3.10f1/Editor/Data/Managed'
Mono path[1] = 'C:/Program Files/Unity/Hub/Editor/2022.3.10f1/Editor/Data/MonoBleedingEdge/lib/mono/unityjit-win32'
Mono config path = 'C:/Program Files/Unity/Hub/Editor/2022.3.10f1/Editor/Data/MonoBleedingEdge/etc'
Using monoOptions --debugger-agent=transport=dt_socket,embedding=1,server=y,suspend=n,address=127.0.0.1:56628
Begin MonoManager ReloadAssembly
Registering precompiled unity dll's ...
Register platform support module: C:/Program Files/Unity/Hub/Editor/2022.3.10f1/Editor/Data/PlaybackEngines/WindowsStandaloneSupport/UnityEditor.WindowsStandalone.Extensions.dll
Registered in 0.031670 seconds.
- Loaded All Assemblies, in  1.055 seconds
Native extension for WindowsStandalone target not found
Mono: successfully reloaded assembly
- Finished resetting the current domain, in  0.450 seconds
Domain Reload Profiling: 1500ms
	BeginReloadAssembly (205ms)
		ExecutionOrderSort (0ms)
		DisableScriptedObjects (0ms)
		BackupInstance (0ms)
		ReleaseScriptingObjects (0ms)
		CreateAndSetChildDomain (1ms)
	RebuildCommonClasses (221ms)
	RebuildNativeTypeToScriptingClass (20ms)
	initialDomainReloadingComplete (127ms)
	LoadAllAssembliesAndSetupDomain (476ms)
		LoadAssemblies (200ms)
		RebuildTransferFunctionScriptingTraits (0ms)
		AnalyzeDomain (473ms)
			TypeCache.Refresh (470ms)
				TypeCache.ScanAssembly (447ms)
			ScanForSourceGeneratedMonoScriptInfo (1ms)
			ResolveRequiredComponents (1ms)
	FinalizeReload (451ms)
		ReleaseScriptCaches (0ms)
		RebuildScriptCaches (0ms)
		SetupLoadedEditorAssemblies (351ms)
			LogAssemblyErrors (0ms)
			InitializePlatformSupportModulesInManaged (19ms)
			SetLoadedEditorAssemblies (9ms)
			RefreshPlugins (0ms)
			BeforeProcessingInitializeOnLoad (3ms)
			ProcessInitializeOnLoadAttributes (227ms)
			ProcessInitializeOnLoadMethodAttributes (93ms)
			AfterProcessingInitializeOnLoad (0ms)
			EditorAssembliesLoaded (0ms)
		ExecutionOrderSort2 (0ms)
		AwakeInstancesAfterBackupRestoration (0ms)
========================================================================
Worker process is ready to serve import requests
Begin MonoManager ReloadAssembly
- Loaded All Assemblies, in  1.358 seconds
Refreshing native plugins compatible for Editor in 7.61 ms, found 3 plugins.
Native extension for WindowsStandalone target not found
Package Manager log level set to [2]
[Package Manager] Server::EnsureServerProcessIsRunning -- launch failed, reason: Unity was launched with the -noUpm command-line argument
[Package Manager] UpmClient::Send -- Unable to send message (not connected to UPM process).
[Package Manager] Cannot connect to Unity Package Manager local server
Mono: successfully reloaded assembly
- Finished resetting the current domain, in  1.047 seconds
Domain Reload Profiling: 2394ms
	BeginReloadAssembly (269ms)
		ExecutionOrderSort (0ms)
		DisableScriptedObjects (12ms)
		BackupInstance (0ms)
		ReleaseScriptingObjects (0ms)
		CreateAndSetChildDomain (31ms)
	RebuildCommonClasses (60ms)
	RebuildNativeTypeToScriptingClass (30ms)
	initialDomainReloadingComplete (84ms)
	LoadAllAssembliesAndSetupDomain (904ms)
		LoadAssemblies (655ms)
		RebuildTransferFunctionScriptingTraits (0ms)
		AnalyzeDomain (415ms)
			TypeCache.Refresh (373ms)
				TypeCache.ScanAssembly (332ms)
			ScanForSourceGeneratedMonoScriptInfo (30ms)
			ResolveRequiredComponents (10ms)
	FinalizeReload (1047ms)
		ReleaseScriptCaches (0ms)
		RebuildScriptCaches (0ms)
		SetupLoadedEditorAssemblies (777ms)
			LogAssemblyErrors (0ms)
			InitializePlatformSupportModulesInManaged (18ms)
			SetLoadedEditorAssemblies (7ms)
			RefreshPlugins (0ms)
			BeforeProcessingInitializeOnLoad (143ms)
			ProcessInitializeOnLoadAttributes (552ms)
			ProcessInitializeOnLoadMethodAttributes (33ms)
			AfterProcessingInitializeOnLoad (23ms)
			EditorAssembliesLoaded (0ms)
		ExecutionOrderSort2 (0ms)
		AwakeInstancesAfterBackupRestoration (9ms)
Launched and connected shader compiler UnityShaderCompiler.exe after 0.18 seconds
Refreshing native plugins compatible for Editor in 17.02 ms, found 3 plugins.
Preloading 0 native plugins for Editor in 0.00 ms.
Unloading 3513 Unused Serialized files (Serialized files now loaded: 0)
Unloading 38 unused Assets / (57.0 KB). Loaded Objects now: 3977.
Memory consumption went from 127.0 MB to 127.0 MB.
Total: 6.748700 ms (FindLiveObjects: 0.836900 ms CreateObjectMapping: 0.182900 ms MarkObjects: 5.560600 ms  DeleteObjects: 0.166300 ms)

AssetImportParameters requested are different than current active one (requested -> active):
  custom:container-demuxer-ogg: 62fdf1f143b41e24485cea50d1cbac27 -> 
  custom:video-decoder-ogg-theora: a1e56fd34408186e4bbccfd4996cb3dc -> 
  custom:framework-win-MediaFoundation: 216162199b28c13a410421893ffa2e32 -> 
  custom:CustomObjectIndexerAttribute: 756ad292c208cfabdd7b50bc23989ffe -> 
  custom:container-demuxer-webm: 4f35f7cbe854078d1ac9338744f61a02 -> 
  custom:container-muxer-webm: aa71ff27fc2769a1b78a27578f13a17b -> 
  custom:video-decoder-webm-vp8: 9c59270c3fd7afecdb556c50c9e8de78 -> 
  custom:SearchIndexIgnoredProperties: e643bd26f0fe6173181afceb89e7c659 -> 
  custom:AudioImporter_EditorPlatform: d09bf68614088b80899f8185d706f6e7 -> 
  custom:video-encoder-webm-vp8: eb34c28f22e8b96e1ab97ce403110664 -> 
  custom:audio-decoder-ogg-vorbis: bf7c407c2cedff20999df2af8eb42d56 -> 
  custom:audio-encoder-webm-vorbis: bf7c407c2cedff20999df2af8eb42d56 -> 
========================================================================
Received Prepare
Begin MonoManager ReloadAssembly
- Loaded All Assemblies, in  0.757 seconds
Refreshing native plugins compatible for Editor in 7.87 ms, found 3 plugins.
Native extension for WindowsStandalone target not found
[Package Manager] Server::EnsureServerProcessIsRunning -- launch failed, reason: Unity was launched with the -noUpm command-line argument
[Package Manager] UpmClient::Send -- Unable to send message (not connected to UPM process).
[Package Manager] Cannot connect to Unity Package Manager local server
Mono: successfully reloaded assembly
- Finished resetting the current domain, in  1.662 seconds
Domain Reload Profiling: 2410ms
	BeginReloadAssembly (239ms)
		ExecutionOrderSort (0ms)
		DisableScriptedObjects (8ms)
		BackupInstance (0ms)
		ReleaseScriptingObjects (0ms)
		CreateAndSetChildDomain (40ms)
	RebuildCommonClasses (51ms)
	RebuildNativeTypeToScriptingClass (22ms)
	initialDomainReloadingComplete (52ms)
	LoadAllAssembliesAndSetupDomain (382ms)
		LoadAssemblies (502ms)
		RebuildTransferFunctionScriptingTraits (0ms)
		AnalyzeDomain (18ms)
			TypeCache.Refresh (8ms)
				TypeCache.ScanAssembly (0ms)
			ScanForSourceGeneratedMonoScriptInfo (0ms)
			ResolveRequiredComponents (9ms)
	FinalizeReload (1663ms)
		ReleaseScriptCaches (0ms)
		RebuildScriptCaches (0ms)
		SetupLoadedEditorAssemblies (750ms)
			LogAssemblyErrors (0ms)
			InitializePlatformSupportModulesInManaged (14ms)
			SetLoadedEditorAssemblies (7ms)
			RefreshPlugins (0ms)
			BeforeProcessingInitializeOnLoad (132ms)
			ProcessInitializeOnLoadAttributes (538ms)
			ProcessInitializeOnLoadMethodAttributes (35ms)
			AfterProcessingInitializeOnLoad (24ms)
			EditorAssembliesLoaded (0ms)
		ExecutionOrderSort2 (0ms)
		AwakeInstancesAfterBackupRestoration (12ms)
Refreshing native plugins compatible for Editor in 11.29 ms, found 3 plugins.
Preloading 0 native plugins for Editor in 0.00 ms.
Unloading 3493 Unused Serialized files (Serialized files now loaded: 0)
Unloading 23 unused Assets / (31.0 KB). Loaded Objects now: 3980.
Memory consumption went from 122.9 MB to 122.9 MB.
Total: 7.664200 ms (FindLiveObjects: 0.784200 ms CreateObjectMapping: 0.259800 ms MarkObjects: 6.534900 ms  DeleteObjects: 0.083500 ms)

Prepare: number of updated asset objects reloaded= 0
AssetImportParameters requested are different than current active one (requested -> active):
  custom:container-demuxer-ogg: 62fdf1f143b41e24485cea50d1cbac27 -> 
  custom:video-decoder-ogg-theora: a1e56fd34408186e4bbccfd4996cb3dc -> 
  custom:framework-win-MediaFoundation: 216162199b28c13a410421893ffa2e32 -> 
  custom:CustomObjectIndexerAttribute: 756ad292c208cfabdd7b50bc23989ffe -> 
  custom:container-demuxer-webm: 4f35f7cbe854078d1ac9338744f61a02 -> 
  custom:container-muxer-webm: aa71ff27fc2769a1b78a27578f13a17b -> 
  custom:video-decoder-webm-vp8: 9c59270c3fd7afecdb556c50c9e8de78 -> 
  custom:SearchIndexIgnoredProperties: e643bd26f0fe6173181afceb89e7c659 -> 
  custom:AudioImporter_EditorPlatform: d09bf68614088b80899f8185d706f6e7 -> 
  custom:video-encoder-webm-vp8: eb34c28f22e8b96e1ab97ce403110664 -> 
  custom:audio-decoder-ogg-vorbis: bf7c407c2cedff20999df2af8eb42d56 -> 
  custom:audio-encoder-webm-vorbis: bf7c407c2cedff20999df2af8eb42d56 -> 
========================================================================
Received Prepare
Begin MonoManager ReloadAssembly
- Loaded All Assemblies, in  0.775 seconds
Refreshing native plugins compatible for Editor in 7.25 ms, found 3 plugins.
Native extension for WindowsStandalone target not found
[Package Manager] Server::EnsureServerProcessIsRunning -- launch failed, reason: Unity was launched with the -noUpm command-line argument
[Package Manager] UpmClient::Send -- Unable to send message (not connected to UPM process).
[Package Manager] Cannot connect to Unity Package Manager local server
Mono: successfully reloaded assembly
- Finished resetting the current domain, in  1.674 seconds
Domain Reload Profiling: 2439ms
	BeginReloadAssembly (252ms)
		ExecutionOrderSort (0ms)
		DisableScriptedObjects (10ms)
		BackupInstance (0ms)
		ReleaseScriptingObjects (0ms)
		CreateAndSetChildDomain (50ms)
	RebuildCommonClasses (72ms)
	RebuildNativeTypeToScriptingClass (23ms)
	initialDomainReloadingComplete (57ms)
	LoadAllAssembliesAndSetupDomain (360ms)
		LoadAssemblies (488ms)
		RebuildTransferFunctionScriptingTraits (0ms)
		AnalyzeDomain (17ms)
			TypeCache.Refresh (8ms)
				TypeCache.ScanAssembly (0ms)
			ScanForSourceGeneratedMonoScriptInfo (0ms)
			ResolveRequiredComponents (7ms)
	FinalizeReload (1674ms)
		ReleaseScriptCaches (0ms)
		RebuildScriptCaches (0ms)
		SetupLoadedEditorAssemblies (755ms)
			LogAssemblyErrors (0ms)
			InitializePlatformSupportModulesInManaged (14ms)
			SetLoadedEditorAssemblies (6ms)
			RefreshPlugins (0ms)
			BeforeProcessingInitializeOnLoad (127ms)
			ProcessInitializeOnLoadAttributes (553ms)
			ProcessInitializeOnLoadMethodAttributes (30ms)
			AfterProcessingInitializeOnLoad (24ms)
			EditorAssembliesLoaded (0ms)
		ExecutionOrderSort2 (0ms)
		AwakeInstancesAfterBackupRestoration (13ms)
Refreshing native plugins compatible for Editor in 7.74 ms, found 3 plugins.
Preloading 0 native plugins for Editor in 0.00 ms.
Unloading 3493 Unused Serialized files (Serialized files now loaded: 0)
Unloading 23 unused Assets / (31.0 KB). Loaded Objects now: 3983.
Memory consumption went from 122.9 MB to 122.9 MB.
Total: 5.594400 ms (FindLiveObjects: 0.534600 ms CreateObjectMapping: 0.167900 ms MarkObjects: 4.834000 ms  DeleteObjects: 0.056200 ms)

Prepare: number of updated asset objects reloaded= 0
AssetImportParameters requested are different than current active one (requested -> active):
  custom:container-demuxer-ogg: 62fdf1f143b41e24485cea50d1cbac27 -> 
  custom:video-decoder-ogg-theora: a1e56fd34408186e4bbccfd4996cb3dc -> 
  custom:framework-win-MediaFoundation: 216162199b28c13a410421893ffa2e32 -> 
  custom:CustomObjectIndexerAttribute: 756ad292c208cfabdd7b50bc23989ffe -> 
  custom:container-demuxer-webm: 4f35f7cbe854078d1ac9338744f61a02 -> 
  custom:container-muxer-webm: aa71ff27fc2769a1b78a27578f13a17b -> 
  custom:video-decoder-webm-vp8: 9c59270c3fd7afecdb556c50c9e8de78 -> 
  custom:SearchIndexIgnoredProperties: e643bd26f0fe6173181afceb89e7c659 -> 
  custom:AudioImporter_EditorPlatform: d09bf68614088b80899f8185d706f6e7 -> 
  custom:video-encoder-webm-vp8: eb34c28f22e8b96e1ab97ce403110664 -> 
  custom:audio-decoder-ogg-vorbis: bf7c407c2cedff20999df2af8eb42d56 -> 
  custom:audio-encoder-webm-vorbis: bf7c407c2cedff20999df2af8eb42d56 -> 
========================================================================
Received Import Request.
  Time since last request: 282511.618490 seconds.
  path: Assets/Materials/Floor Mat 1.mat
  artifactKey: Guid(4a5c6ddb5b14062448c3502b6c34fdf8) Importer(815301076,1909f56bfc062723c751e8b465ee728b)
Start importing Assets/Materials/Floor Mat 1.mat using Guid(4a5c6ddb5b14062448c3502b6c34fdf8) Importer(815301076,1909f56bfc062723c751e8b465ee728b)  -> (artifact id: '4fab7211907f97d9182fd8c7c810413d') in 0.338498 seconds
Number of updated asset objects reloaded before import = 0
Number of asset objects unloaded after import = 1
========================================================================
Received Import Request.
  Time since last request: 0.000040 seconds.
  path: Assets/20 Logos PSD/Fonts/firasansheavy/FiraSans-Hair.otf
  artifactKey: Guid(187a66d7b5cc6ec4f876a254b1ac3027) Importer(815301076,1909f56bfc062723c751e8b465ee728b)
Start importing Assets/20 Logos PSD/Fonts/firasansheavy/FiraSans-Hair.otf using Guid(187a66d7b5cc6ec4f876a254b1ac3027) Importer(815301076,1909f56bfc062723c751e8b465ee728b)  -> (artifact id: 'b07f60c7313ede016370ed04b6d34118') in 0.108908 seconds
Number of updated asset objects reloaded before import = 0
Number of asset objects unloaded after import = 4
========================================================================
Received Import Request.
  Time since last request: 0.000048 seconds.
  path: Assets/20 Logos PSD/Fonts/peacesans/Peace Sans.otf
  artifactKey: Guid(88ea75a9053f106459a11a24e6d30129) Importer(815301076,1909f56bfc062723c751e8b465ee728b)
Start importing Assets/20 Logos PSD/Fonts/peacesans/Peace Sans.otf using Guid(88ea75a9053f106459a11a24e6d30129) Importer(815301076,1909f56bfc062723c751e8b465ee728b)  -> (artifact id: '4b989ad68204bde323a2d3d5ddafbf0d') in 0.064116 seconds
Number of updated asset objects reloaded before import = 0
Number of asset objects unloaded after import = 4
========================================================================
Received Import Request.
  Time since last request: 0.000022 seconds.
  path: Assets/TextMesh Pro/Resources/Fonts & Materials/LiberationSans SDF - Outline.mat
  artifactKey: Guid(79459efec17a4d00a321bdcc27bbc385) Importer(815301076,1909f56bfc062723c751e8b465ee728b)
Start importing Assets/TextMesh Pro/Resources/Fonts & Materials/LiberationSans SDF - Outline.mat using Guid(79459efec17a4d00a321bdcc27bbc385) Importer(815301076,1909f56bfc062723c751e8b465ee728b)  -> (artifact id: '6f3683e78f0f82cd98d563b18de2ade7') in 0.206914 seconds
Number of updated asset objects reloaded before import = 0
Number of asset objects unloaded after import = 2
========================================================================
Received Import Request.
  Time since last request: 0.000026 seconds.
  path: Assets/20 Logos PSD/Fonts/firasansheavy/FiraSans-Four.otf
  artifactKey: Guid(a783f8a04c200c148992a27ab2f5b20a) Importer(815301076,1909f56bfc062723c751e8b465ee728b)
Start importing Assets/20 Logos PSD/Fonts/firasansheavy/FiraSans-Four.otf using Guid(a783f8a04c200c148992a27ab2f5b20a) Importer(815301076,1909f56bfc062723c751e8b465ee728b)  -> (artifact id: 'b2a2060db57324d3662647dd3117e46e') in 0.025753 seconds
Number of updated asset objects reloaded before import = 0
Number of asset objects unloaded after import = 4
========================================================================
Received Import Request.
  Time since last request: 0.000036 seconds.
  path: Assets/20 Logos PSD/Fonts/firasansheavy/FiraSans-Two.otf
  artifactKey: Guid(af8d5d4dff2042a4ca6523dca63aa848) Importer(815301076,1909f56bfc062723c751e8b465ee728b)
Start importing Assets/20 Logos PSD/Fonts/firasansheavy/FiraSans-Two.otf using Guid(af8d5d4dff2042a4ca6523dca63aa848) Importer(815301076,1909f56bfc062723c751e8b465ee728b)  -> (artifact id: 'a968d620541f05d3c86a7fcba96ca44b') in 0.035515 seconds
Number of updated asset objects reloaded before import = 0
Number of asset objects unloaded after import = 4
========================================================================
Received Import Request.
  Time since last request: 0.000023 seconds.
  path: Assets/Materials/PelletV3 Mat.mat
  artifactKey: Guid(1dd6ccf25625f0549b6bbca173c010d4) Importer(815301076,1909f56bfc062723c751e8b465ee728b)
Start importing Assets/Materials/PelletV3 Mat.mat using Guid(1dd6ccf25625f0549b6bbca173c010d4) Importer(815301076,1909f56bfc062723c751e8b465ee728b)  -> (artifact id: 'd4db7991f3da5f9f4e92203f47475d8a') in 0.040589 seconds
Number of updated asset objects reloaded before import = 0
Number of asset objects unloaded after import = 1
========================================================================
Received Import Request.
  Time since last request: 0.000022 seconds.
  path: Assets/20 Logos PSD/Fonts/firasansheavy/FiraSans-ExtraBold.otf
  artifactKey: Guid(053bb247f3eafa049ab4c68bf211e0a9) Importer(815301076,1909f56bfc062723c751e8b465ee728b)
Start importing Assets/20 Logos PSD/Fonts/firasansheavy/FiraSans-ExtraBold.otf using Guid(053bb247f3eafa049ab4c68bf211e0a9) Importer(815301076,1909f56bfc062723c751e8b465ee728b)  -> (artifact id: '532c16bd3d3c5327cd77c16570662041') in 0.018646 seconds
Number of updated asset objects reloaded before import = 0
Number of asset objects unloaded after import = 4
========================================================================
Received Import Request.
  Time since last request: 0.000039 seconds.
  path: Assets/20 Logos PSD/Fonts/firasansheavy/FiraSans-TwoItalic.otf
  artifactKey: Guid(4b574b87a5a13fa4cacc29b1d7aa25fe) Importer(815301076,1909f56bfc062723c751e8b465ee728b)
Start importing Assets/20 Logos PSD/Fonts/firasansheavy/FiraSans-TwoItalic.otf using Guid(4b574b87a5a13fa4cacc29b1d7aa25fe) Importer(815301076,1909f56bfc062723c751e8b465ee728b)  -> (artifact id: '969e57291a0ea59bd88ae70f520184a3') in 0.017727 seconds
Number of updated asset objects reloaded before import = 0
Number of asset objects unloaded after import = 4
========================================================================
Received Import Request.
  Time since last request: 0.000021 seconds.
  path: Assets/20 Logos PSD/Fonts/firasansheavy/FiraSans-Thin.otf
  artifactKey: Guid(4b1da26bdf7b5134eb11077a4d82bad6) Importer(815301076,1909f56bfc062723c751e8b465ee728b)
Start importing Assets/20 Logos PSD/Fonts/firasansheavy/FiraSans-Thin.otf using Guid(4b1da26bdf7b5134eb11077a4d82bad6) Importer(815301076,1909f56bfc062723c751e8b465ee728b)  -> (artifact id: 'cf7f703a3c9ad8e87f2f9061988ee8d7') in 0.020949 seconds
Number of updated asset objects reloaded before import = 0
Number of asset objects unloaded after import = 4
========================================================================
Received Import Request.
  Time since last request: 0.000022 seconds.
  path: Assets/20 Logos PSD/Fonts/firasansheavy/FiraSans-MediumItalic.otf
  artifactKey: Guid(7f3e40f973be9d440a6350b335c22413) Importer(815301076,1909f56bfc062723c751e8b465ee728b)
Start importing Assets/20 Logos PSD/Fonts/firasansheavy/FiraSans-MediumItalic.otf using Guid(7f3e40f973be9d440a6350b335c22413) Importer(815301076,1909f56bfc062723c751e8b465ee728b)  -> (artifact id: '9f959f1e616e31db4fcee3ce2a64ebb0') in 0.022149 seconds
Number of updated asset objects reloaded before import = 0
Number of asset objects unloaded after import = 4
========================================================================
Received Import Request.
  Time since last request: 0.000023 seconds.
  path: Assets/20 Logos PSD/Fonts/firasansheavy/FiraSans-HeavyItalic.otf
  artifactKey: Guid(fc3a8e93767516749a6de60f64230a63) Importer(815301076,1909f56bfc062723c751e8b465ee728b)
Start importing Assets/20 Logos PSD/Fonts/firasansheavy/FiraSans-HeavyItalic.otf using Guid(fc3a8e93767516749a6de60f64230a63) Importer(815301076,1909f56bfc062723c751e8b465ee728b)  -> (artifact id: '9b1a6e9298662b834f42306b8f5dea46') in 0.045901 seconds
Number of updated asset objects reloaded before import = 0
Number of asset objects unloaded after import = 4
========================================================================
Received Import Request.
  Time since last request: 0.000026 seconds.
  path: Assets/20 Logos PSD/Fonts/kaushanscript/KaushanScript-Regular.otf
  artifactKey: Guid(f7508c2b80305714d907f17b4684eb42) Importer(815301076,1909f56bfc062723c751e8b465ee728b)
Start importing Assets/20 Logos PSD/Fonts/kaushanscript/KaushanScript-Regular.otf using Guid(f7508c2b80305714d907f17b4684eb42) Importer(815301076,1909f56bfc062723c751e8b465ee728b)  -> (artifact id: '21d32b29d5a311825ef9c9557f823dde') in 0.049858 seconds
Number of updated asset objects reloaded before import = 0
Number of asset objects unloaded after import = 4
========================================================================
Received Import Request.
  Time since last request: 0.000035 seconds.
  path: Assets/20 Logos PSD/Fonts/peacesans/Peace Sans Webfont.ttf
  artifactKey: Guid(f5e7dee13b48c5644b6fe87cb6185509) Importer(815301076,1909f56bfc062723c751e8b465ee728b)
Start importing Assets/20 Logos PSD/Fonts/peacesans/Peace Sans Webfont.ttf using Guid(f5e7dee13b48c5644b6fe87cb6185509) Importer(815301076,1909f56bfc062723c751e8b465ee728b)  -> (artifact id: '9a7b2fed3671c16153c68deb1f013f96') in 0.033558 seconds
Number of updated asset objects reloaded before import = 0
Number of asset objects unloaded after import = 4
========================================================================
Received Import Request.
  Time since last request: 0.000023 seconds.
  path: Assets/20 Logos PSD/Fonts/firasansheavy/FiraSans-Eight.otf
  artifactKey: Guid(6b63fd82e47252a44b4c309ed0f0cf24) Importer(815301076,1909f56bfc062723c751e8b465ee728b)
Start importing Assets/20 Logos PSD/Fonts/firasansheavy/FiraSans-Eight.otf using Guid(6b63fd82e47252a44b4c309ed0f0cf24) Importer(815301076,1909f56bfc062723c751e8b465ee728b)  -> (artifact id: '6057084e149ffa307bcf6d72d57a105e') in 0.029110 seconds
Number of updated asset objects reloaded before import = 0
Number of asset objects unloaded after import = 4
========================================================================
Received Import Request.
  Time since last request: 0.000051 seconds.
  path: Assets/Materials/Pellet V6 Mat.mat
  artifactKey: Guid(843b37013ca69cf42b36a5b546a545f3) Importer(815301076,1909f56bfc062723c751e8b465ee728b)
Start importing Assets/Materials/Pellet V6 Mat.mat using Guid(843b37013ca69cf42b36a5b546a545f3) Importer(815301076,1909f56bfc062723c751e8b465ee728b)  -> (artifact id: 'd9f6ed661a7e6fe31625cb6583d23628') in 0.026363 seconds
Number of updated asset objects reloaded before import = 0
Number of asset objects unloaded after import = 1
========================================================================
Received Import Request.
  Time since last request: 0.000018 seconds.
  path: Assets/Materials/Player Mat.mat
  artifactKey: Guid(0e031e3dec815144da11df6f9da6a6d9) Importer(815301076,1909f56bfc062723c751e8b465ee728b)
Start importing Assets/Materials/Player Mat.mat using Guid(0e031e3dec815144da11df6f9da6a6d9) Importer(815301076,1909f56bfc062723c751e8b465ee728b)  -> (artifact id: '1b4d03a7a3fee94badd20ac2bfdbefbb') in 0.023606 seconds
Number of updated asset objects reloaded before import = 0
Number of asset objects unloaded after import = 1
========================================================================
Received Import Request.
  Time since last request: 0.000023 seconds.
  path: Assets/20 Logos PSD/Fonts/firasansheavy/FiraSans-ExtraLightItalic.otf
  artifactKey: Guid(7fcd2b8d2ee03814e8fc918f172bfef5) Importer(815301076,1909f56bfc062723c751e8b465ee728b)
Start importing Assets/20 Logos PSD/Fonts/firasansheavy/FiraSans-ExtraLightItalic.otf using Guid(7fcd2b8d2ee03814e8fc918f172bfef5) Importer(815301076,1909f56bfc062723c751e8b465ee728b)  -> (artifact id: 'b981703b1c2f453366756c0a9ded1906') in 0.021174 seconds
Number of updated asset objects reloaded before import = 0
Number of asset objects unloaded after import = 4
========================================================================
Received Import Request.
  Time since last request: 0.000022 seconds.
  path: Assets/20 Logos PSD/Fonts/firasansheavy/FiraSans-Regular.otf
  artifactKey: Guid(e693380601f2f364cbfe5e4415c3fd80) Importer(815301076,1909f56bfc062723c751e8b465ee728b)
Start importing Assets/20 Logos PSD/Fonts/firasansheavy/FiraSans-Regular.otf using Guid(e693380601f2f364cbfe5e4415c3fd80) Importer(815301076,1909f56bfc062723c751e8b465ee728b)  -> (artifact id: '73eeaa1b9f58aabeb6f866d823d8e8d3') in 0.034387 seconds
Number of updated asset objects reloaded before import = 0
Number of asset objects unloaded after import = 4
========================================================================
Received Import Request.
  Time since last request: 0.000322 seconds.
  path: Assets/20 Logos PSD/Fonts/firasansheavy/FiraSans-Light.otf
  artifactKey: Guid(19141cee87d28c4428ed0ac2b1748a95) Importer(815301076,1909f56bfc062723c751e8b465ee728b)
Start importing Assets/20 Logos PSD/Fonts/firasansheavy/FiraSans-Light.otf using Guid(19141cee87d28c4428ed0ac2b1748a95) Importer(815301076,1909f56bfc062723c751e8b465ee728b)  -> (artifact id: '8a3279318443644d8a040744c4a4822e') in 0.040023 seconds
Number of updated asset objects reloaded before import = 0
Number of asset objects unloaded after import = 4
========================================================================
Received Import Request.
  Time since last request: 0.000028 seconds.
  path: Assets/20 Logos PSD/Fonts/gilam/Gilam-BlackDEMO.otf
  artifactKey: Guid(eebe1b5c7ff612f4bb4b6b9602c632f4) Importer(815301076,1909f56bfc062723c751e8b465ee728b)
Start importing Assets/20 Logos PSD/Fonts/gilam/Gilam-BlackDEMO.otf using Guid(eebe1b5c7ff612f4bb4b6b9602c632f4) Importer(815301076,1909f56bfc062723c751e8b465ee728b)  -> (artifact id: 'c2efc874ab93e3da44cd00b15c29db27') in 0.021047 seconds
Number of updated asset objects reloaded before import = 0
Number of asset objects unloaded after import = 4
========================================================================
Received Import Request.
  Time since last request: 0.000039 seconds.
  path: Assets/20 Logos PSD/Fonts/firasansheavy/FiraSans-Ultra.otf
  artifactKey: Guid(6c3b13f86c2dea542b7c8952c6c28746) Importer(815301076,1909f56bfc062723c751e8b465ee728b)
Start importing Assets/20 Logos PSD/Fonts/firasansheavy/FiraSans-Ultra.otf using Guid(6c3b13f86c2dea542b7c8952c6c28746) Importer(815301076,1909f56bfc062723c751e8b465ee728b)  -> (artifact id: 'd397c9724902cc6d72f1f1c7b98d3c48') in 0.040512 seconds
Number of updated asset objects reloaded before import = 0
Number of asset objects unloaded after import = 4
========================================================================
Received Import Request.
  Time since last request: 0.000026 seconds.
  path: Assets/Materials/Walls.mat
  artifactKey: Guid(2c977a4029bd8b4419cc52cb2b5a7978) Importer(815301076,1909f56bfc062723c751e8b465ee728b)
Start importing Assets/Materials/Walls.mat using Guid(2c977a4029bd8b4419cc52cb2b5a7978) Importer(815301076,1909f56bfc062723c751e8b465ee728b)  -> (artifact id: '9ecf0f04ee760f6a28e00e4186474881') in 0.026398 seconds
Number of updated asset objects reloaded before import = 0
Number of asset objects unloaded after import = 1
========================================================================
Received Import Request.
  Time since last request: 0.000022 seconds.
  path: Assets/20 Logos PSD/Fonts/firasansheavy/FiraSans-BookItalic.otf
  artifactKey: Guid(a3983d1a4d2d3ba4db84d9f1f7623cf7) Importer(815301076,1909f56bfc062723c751e8b465ee728b)
Start importing Assets/20 Logos PSD/Fonts/firasansheavy/FiraSans-BookItalic.otf using Guid(a3983d1a4d2d3ba4db84d9f1f7623cf7) Importer(815301076,1909f56bfc062723c751e8b465ee728b)  -> (artifact id: 'd411328ea6ffca9ed2d2d0b3a2bda856') in 0.030707 seconds
Number of updated asset objects reloaded before import = 0
Number of asset objects unloaded after import = 4
========================================================================
Received Import Request.
  Time since last request: 0.000049 seconds.
  path: Assets/Materials/PelletV5 Mat.mat
  artifactKey: Guid(7d58f9b95a915c84b85c2be7a08e5fc5) Importer(815301076,1909f56bfc062723c751e8b465ee728b)
Start importing Assets/Materials/PelletV5 Mat.mat using Guid(7d58f9b95a915c84b85c2be7a08e5fc5) Importer(815301076,1909f56bfc062723c751e8b465ee728b)  -> (artifact id: 'b7f10a595e8fc565b3af6893ee78f23f') in 0.025251 seconds
Number of updated asset objects reloaded before import = 0
Number of asset objects unloaded after import = 1
========================================================================
Received Import Request.
  Time since last request: 0.000021 seconds.
  path: Assets/Materials/Pellet Mat.mat
  artifactKey: Guid(083defd01aeda0c4faef712f83e0dcc0) Importer(815301076,1909f56bfc062723c751e8b465ee728b)
Start importing Assets/Materials/Pellet Mat.mat using Guid(083defd01aeda0c4faef712f83e0dcc0) Importer(815301076,1909f56bfc062723c751e8b465ee728b)  -> (artifact id: 'b0670ffdc3b1b3dcc69b4ec27b608475') in 0.017865 seconds
Number of updated asset objects reloaded before import = 0
Number of asset objects unloaded after import = 1
========================================================================
Received Import Request.
  Time since last request: 0.000025 seconds.
  path: Assets/20 Logos PSD/Fonts/foo/foo.ttf
  artifactKey: Guid(da7bcbdc7c217d744b0b7639bf742831) Importer(815301076,1909f56bfc062723c751e8b465ee728b)
Start importing Assets/20 Logos PSD/Fonts/foo/foo.ttf using Guid(da7bcbdc7c217d744b0b7639bf742831) Importer(815301076,1909f56bfc062723c751e8b465ee728b)  -> (artifact id: '6a2629bd01004fdc3a6165c15e9b6ed7') in 0.019697 seconds
Number of updated asset objects reloaded before import = 0
Number of asset objects unloaded after import = 4
========================================================================
Received Import Request.
  Time since last request: 0.000025 seconds.
  path: Assets/20 Logos PSD/Fonts/firasansheavy/FiraSans-ThinItalic.otf
  artifactKey: Guid(14eeb8134d2dc894e8c894228fbe44d8) Importer(815301076,1909f56bfc062723c751e8b465ee728b)
Start importing Assets/20 Logos PSD/Fonts/firasansheavy/FiraSans-ThinItalic.otf using Guid(14eeb8134d2dc894e8c894228fbe44d8) Importer(815301076,1909f56bfc062723c751e8b465ee728b)  -> (artifact id: 'd920c6de251f3dc3c270a06b9fd4e955') in 0.020679 seconds
Number of updated asset objects reloaded before import = 0
Number of asset objects unloaded after import = 4
========================================================================
Received Import Request.
  Time since last request: 0.000021 seconds.
  path: Assets/20 Logos PSD/Fonts/firasansheavy/FiraSans-Book.otf
  artifactKey: Guid(7828a4090a5ca0946b4d0cae809cbbe6) Importer(815301076,1909f56bfc062723c751e8b465ee728b)
Start importing Assets/20 Logos PSD/Fonts/firasansheavy/FiraSans-Book.otf using Guid(7828a4090a5ca0946b4d0cae809cbbe6) Importer(815301076,1909f56bfc062723c751e8b465ee728b)  -> (artifact id: 'c865cc71b09a0edd943adca595a76c7c') in 0.018698 seconds
Number of updated asset objects reloaded before import = 0
Number of asset objects unloaded after import = 4
========================================================================
Received Import Request.
  Time since last request: 0.000025 seconds.
  path: Assets/20 Logos PSD/Fonts/firasansheavy/FiraSans-ExtraBoldItalic.otf
  artifactKey: Guid(04f21b61e36a49341872bd00b5828ab3) Importer(815301076,1909f56bfc062723c751e8b465ee728b)
Start importing Assets/20 Logos PSD/Fonts/firasansheavy/FiraSans-ExtraBoldItalic.otf using Guid(04f21b61e36a49341872bd00b5828ab3) Importer(815301076,1909f56bfc062723c751e8b465ee728b)  -> (artifact id: '10a78f06759eb35103a4acaa15caa8a5') in 0.030302 seconds
Number of updated asset objects reloaded before import = 0
Number of asset objects unloaded after import = 4
========================================================================
Received Import Request.
  Time since last request: 0.000033 seconds.
  path: Assets/TextMesh Pro/Fonts/LiberationSans.ttf
  artifactKey: Guid(e3265ab4bf004d28a9537516768c1c75) Importer(815301076,1909f56bfc062723c751e8b465ee728b)
Start importing Assets/TextMesh Pro/Fonts/LiberationSans.ttf using Guid(e3265ab4bf004d28a9537516768c1c75) Importer(815301076,1909f56bfc062723c751e8b465ee728b)  -> (artifact id: '8756f7c291147a75e95d0f4a0d9e7e56') in 0.022975 seconds
Number of updated asset objects reloaded before import = 0
Number of asset objects unloaded after import = 4
========================================================================
Received Import Request.
  Time since last request: 0.000025 seconds.
  path: Assets/20 Logos PSD/Fonts/firasansheavy/FiraSans-LightItalic.otf
  artifactKey: Guid(2688a8cf4377174468983905fdd9a22d) Importer(815301076,1909f56bfc062723c751e8b465ee728b)
Start importing Assets/20 Logos PSD/Fonts/firasansheavy/FiraSans-LightItalic.otf using Guid(2688a8cf4377174468983905fdd9a22d) Importer(815301076,1909f56bfc062723c751e8b465ee728b)  -> (artifact id: 'c232556310824efa2b0b467622db6596') in 0.023675 seconds
Number of updated asset objects reloaded before import = 0
Number of asset objects unloaded after import = 4
========================================================================
Received Import Request.
  Time since last request: 0.000032 seconds.
  path: Assets/20 Logos PSD/Fonts/firasansheavy/FiraSans-UltraLightItalic.otf
  artifactKey: Guid(4a278300834fbdc47a10e1eb508225f8) Importer(815301076,1909f56bfc062723c751e8b465ee728b)
Start importing Assets/20 Logos PSD/Fonts/firasansheavy/FiraSans-UltraLightItalic.otf using Guid(4a278300834fbdc47a10e1eb508225f8) Importer(815301076,1909f56bfc062723c751e8b465ee728b)  -> (artifact id: '620da6fcb0228153d34e4a5c658f1c35') in 0.069141 seconds
Number of updated asset objects reloaded before import = 0
Number of asset objects unloaded after import = 4
========================================================================
Received Import Request.
  Time since last request: 0.001462 seconds.
  path: Assets/20 Logos PSD/Fonts/firasansheavy/FiraSans-SemiBold.otf
  artifactKey: Guid(0572b090b5023c746a36c2965c65049c) Importer(815301076,1909f56bfc062723c751e8b465ee728b)
Start importing Assets/20 Logos PSD/Fonts/firasansheavy/FiraSans-SemiBold.otf using Guid(0572b090b5023c746a36c2965c65049c) Importer(815301076,1909f56bfc062723c751e8b465ee728b)  -> (artifact id: '55f582b9a399fbf0b87ddb1d82e7d549') in 0.025260 seconds
Number of updated asset objects reloaded before import = 0
Number of asset objects unloaded after import = 4
========================================================================
Received Import Request.
  Time since last request: 0.000107 seconds.
  path: Assets/20 Logos PSD/Fonts/gilam/Gilam-ThinItalicDEMO.otf
  artifactKey: Guid(6ace2bbc3eb00bf4890451d4fff0e470) Importer(815301076,1909f56bfc062723c751e8b465ee728b)
Start importing Assets/20 Logos PSD/Fonts/gilam/Gilam-ThinItalicDEMO.otf using Guid(6ace2bbc3eb00bf4890451d4fff0e470) Importer(815301076,1909f56bfc062723c751e8b465ee728b)  -> (artifact id: '127ad754ee18d36191e224c2b446fa7e') in 0.036529 seconds
Number of updated asset objects reloaded before import = 0
Number of asset objects unloaded after import = 4
========================================================================
Received Prepare
Begin MonoManager ReloadAssembly
- Loaded All Assemblies, in  1.096 seconds
Refreshing native plugins compatible for Editor in 9.87 ms, found 3 plugins.
Native extension for WindowsStandalone target not found
[Package Manager] Server::EnsureServerProcessIsRunning -- launch failed, reason: Unity was launched with the -noUpm command-line argument
[Package Manager] UpmClient::Send -- Unable to send message (not connected to UPM process).
[Package Manager] Cannot connect to Unity Package Manager local server
Mono: successfully reloaded assembly
- Finished resetting the current domain, in  2.350 seconds
Domain Reload Profiling: 3431ms
	BeginReloadAssembly (350ms)
		ExecutionOrderSort (0ms)
		DisableScriptedObjects (11ms)
		BackupInstance (0ms)
		ReleaseScriptingObjects (0ms)
		CreateAndSetChildDomain (78ms)
	RebuildCommonClasses (82ms)
	RebuildNativeTypeToScriptingClass (32ms)
	initialDomainReloadingComplete (81ms)
	LoadAllAssembliesAndSetupDomain (536ms)
		LoadAssemblies (696ms)
		RebuildTransferFunctionScriptingTraits (0ms)
		AnalyzeDomain (27ms)
			TypeCache.Refresh (9ms)
				TypeCache.ScanAssembly (0ms)
			ScanForSourceGeneratedMonoScriptInfo (0ms)
			ResolveRequiredComponents (16ms)
	FinalizeReload (2351ms)
		ReleaseScriptCaches (0ms)
		RebuildScriptCaches (0ms)
		SetupLoadedEditorAssemblies (1050ms)
			LogAssemblyErrors (0ms)
			InitializePlatformSupportModulesInManaged (23ms)
			SetLoadedEditorAssemblies (9ms)
			RefreshPlugins (0ms)
			BeforeProcessingInitializeOnLoad (171ms)
			ProcessInitializeOnLoadAttributes (772ms)
			ProcessInitializeOnLoadMethodAttributes (42ms)
			AfterProcessingInitializeOnLoad (32ms)
			EditorAssembliesLoaded (0ms)
		ExecutionOrderSort2 (0ms)
		AwakeInstancesAfterBackupRestoration (14ms)
Refreshing native plugins compatible for Editor in 9.83 ms, found 3 plugins.
Preloading 0 native plugins for Editor in 0.00 ms.
Unloading 3492 Unused Serialized files (Serialized files now loaded: 0)
Unloading 23 unused Assets / (31.0 KB). Loaded Objects now: 4031.
Memory consumption went from 127.6 MB to 127.5 MB.
Total: 10.484700 ms (FindLiveObjects: 0.837300 ms CreateObjectMapping: 0.237100 ms MarkObjects: 9.329300 ms  DeleteObjects: 0.079400 ms)

Prepare: number of updated asset objects reloaded= 0
AssetImportParameters requested are different than current active one (requested -> active):
  custom:container-demuxer-ogg: 62fdf1f143b41e24485cea50d1cbac27 -> 
  custom:video-decoder-ogg-theora: a1e56fd34408186e4bbccfd4996cb3dc -> 
  custom:framework-win-MediaFoundation: 216162199b28c13a410421893ffa2e32 -> 
  custom:CustomObjectIndexerAttribute: 756ad292c208cfabdd7b50bc23989ffe -> 
  custom:container-demuxer-webm: 4f35f7cbe854078d1ac9338744f61a02 -> 
  custom:container-muxer-webm: aa71ff27fc2769a1b78a27578f13a17b -> 
  custom:video-decoder-webm-vp8: 9c59270c3fd7afecdb556c50c9e8de78 -> 
  custom:SearchIndexIgnoredProperties: e643bd26f0fe6173181afceb89e7c659 -> 
  custom:AudioImporter_EditorPlatform: d09bf68614088b80899f8185d706f6e7 -> 
  custom:video-encoder-webm-vp8: eb34c28f22e8b96e1ab97ce403110664 -> 
  custom:audio-decoder-ogg-vorbis: bf7c407c2cedff20999df2af8eb42d56 -> 
  custom:audio-encoder-webm-vorbis: bf7c407c2cedff20999df2af8eb42d56 -> 
Editor requested this worker to shutdown with reason: Scaling down because of idle timeout
TcpMessagingSession - receive error: operation aborted. errorcode: 995, details: The I/O operation has been aborted because of either a thread exit or an application request.
AssetImportWorker is now disconnected from the server
Process exiting
Exiting without the bug reporter. Application will terminate with return code 0